<?xml version="1.0" encoding="UTF-8"?>
<testng-results skipped="0" failed="0" ignored="0" total="1" passed="1">
  <reporter-output>
  </reporter-output>
  <suite name="Default suite" duration-ms="83238" started-at="2017-06-10T13:54:41Z" finished-at="2017-06-10T13:56:04Z">
    <groups>
    </groups>
    <test name="Default test" duration-ms="83238" started-at="2017-06-10T13:54:41Z" finished-at="2017-06-10T13:56:04Z">
      <class name="basic.MyIEDriverScript">
        <test-method status="PASS" signature="myMethod()[pri:0, instance:basic.MyIEDriverScript@7c0e2abd]" name="myMethod" duration-ms="83219" started-at="2017-06-10T19:24:41Z" finished-at="2017-06-10T19:26:04Z">
          <reporter-output>
          </reporter-output>
        </test-method> <!-- myMethod -->
      </class> <!-- basic.MyIEDriverScript -->
    </test> <!-- Default test -->
  </suite> <!-- Default suite -->
</testng-results>
