<?xml version="1.0" encoding="UTF-8"?>
<testng-results skipped="0" failed="0" total="1" passed="1">
  <reporter-output>
  </reporter-output>
  <suite name="Default suite" duration-ms="29224" started-at="2017-12-19T11:35:14Z" finished-at="2017-12-19T11:35:43Z">
    <groups>
    </groups>
    <test name="Default test" duration-ms="29224" started-at="2017-12-19T11:35:14Z" finished-at="2017-12-19T11:35:43Z">
      <class name="Selenium3.Selenium3.Gecko_Driver">
        <test-method status="PASS" signature="testGecko()[pri:0, instance:Selenium3.Selenium3.Gecko_Driver@29ee9faa]" name="testGecko" duration-ms="29209" started-at="2017-12-19T17:05:14Z" finished-at="2017-12-19T17:05:43Z">
          <reporter-output>
          </reporter-output>
        </test-method> <!-- testGecko -->
      </class> <!-- Selenium3.Selenium3.Gecko_Driver -->
    </test> <!-- Default test -->
  </suite> <!-- Default suite -->
</testng-results>
